<?xml version="1.0" encoding="UTF-8"?>
<testsuite xmlns:xsi="http://www.w3.org/2001/XMLSchema-instance" xsi:noNamespaceSchemaLocation="https://maven.apache.org/surefire/maven-surefire-plugin/xsd/surefire-test-report.xsd" name="TestRunner" time="23.565" tests="6" errors="0" skipped="0" failures="0">
  <properties>
[...]
</properties>
  <testcase name="runScenario" classname="TestRunner" time="2.462"/>
  <testcase name="runScenario" classname="TestRunner" time="10.079"/>
  <testcase name="runScenario" classname="TestRunner" time="0.039"/>
  <testcase name="runScenario" classname="TestRunner" time="0.026"/>
  <testcase name="runScenario" classname="TestRunner" time="10.009"/>
  <testcase name="runScenario" classname="TestRunner" time="0.03"/>
</testsuite>