<?xml version="1.0" encoding="UTF-8"?>
<testng-results ignored="0" total="6" passed="6" failed="0" skipped="0">
  <reporter-output>
  </reporter-output>
  <suite started-at="2020-03-23T08:40:53 GMT" name="Surefire suite" finished-at="2020-03-23T08:40:56 GMT" duration-ms="2996">
    <groups>
      <group name="cucumber">
        <method signature="AbstractTestNGCucumberTests.runScenario(io.cucumber.testng.PickleWrapper, io.cucumber.testng.FeatureWrapper)[pri:0, instance:TestRunner@55141def]" name="runScenario" class="io.cucumber.testng.AbstractTestNGCucumberTests"/>
      </group> <!-- cucumber -->
    </groups>
    <test started-at="2020-03-23T08:40:53 GMT" name="Surefire test" finished-at="2020-03-23T08:40:56 GMT" duration-ms="2996">
      <class name="TestRunner">
        <test-method is-config="true" signature="setUpClass()[pri:0, instance:TestRunner@55141def]" started-at="2020-03-23T08:40:53 GMT" name="setUpClass" finished-at="2020-03-23T08:40:54 GMT" duration-ms="239" status="PASS">
          <reporter-output>
          </reporter-output>
        </test-method> <!-- setUpClass -->
        <test-method signature="runScenario(io.cucumber.testng.PickleWrapper, io.cucumber.testng.FeatureWrapper)[pri:0, instance:TestRunner@55141def]" started-at="2020-03-23T08:40:54 GMT" name="runScenario" description="Runs Cucumber Scenarios" data-provider="scenarios" finished-at="2020-03-23T08:40:56 GMT" duration-ms="2284" status="PASS">
          <params>
            <param index="0">
              <value>
                <![CDATA["Verify whether user is able to Create New Fixture"]]>
              </value>
            </param>
            <param index="1">
              <value>
                <![CDATA["Verify Whether User is able to create new Fixture"]]>
              </value>
            </param>
          </params>
          <reporter-output>
          </reporter-output>
        </test-method> <!-- runScenario -->
        <test-method signature="runScenario(io.cucumber.testng.PickleWrapper, io.cucumber.testng.FeatureWrapper)[pri:0, instance:TestRunner@55141def]" started-at="2020-03-23T08:40:56 GMT" name="runScenario" description="Runs Cucumber Scenarios" data-provider="scenarios" finished-at="2020-03-23T08:40:56 GMT" duration-ms="38" status="PASS">
          <params>
            <param index="0">
              <value>
                <![CDATA["Verify whether user is able to Delete Fixture by ID"]]>
              </value>
            </param>
            <param index="1">
              <value>
                <![CDATA["Verify Whether User is able to Delete  desired Fixture"]]>
              </value>
            </param>
          </params>
          <reporter-output>
          </reporter-output>
        </test-method> <!-- runScenario -->
        <test-method signature="runScenario(io.cucumber.testng.PickleWrapper, io.cucumber.testng.FeatureWrapper)[pri:0, instance:TestRunner@55141def]" started-at="2020-03-23T08:40:56 GMT" name="runScenario" description="Runs Cucumber Scenarios" data-provider="scenarios" finished-at="2020-03-23T08:40:56 GMT" duration-ms="26" status="PASS">
          <params>
            <param index="0">
              <value>
                <![CDATA["Verify whether user is able to Delete Fixture by ID"]]>
              </value>
            </param>
            <param index="1">
              <value>
                <![CDATA["Verify Whether User is able to Delete  desired Fixture"]]>
              </value>
            </param>
          </params>
          <reporter-output>
          </reporter-output>
        </test-method> <!-- runScenario -->
        <test-method signature="runScenario(io.cucumber.testng.PickleWrapper, io.cucumber.testng.FeatureWrapper)[pri:0, instance:TestRunner@55141def]" started-at="2020-03-23T08:40:56 GMT" name="runScenario" description="Runs Cucumber Scenarios" data-provider="scenarios" finished-at="2020-03-23T08:40:56 GMT" duration-ms="186" status="PASS">
          <params>
            <param index="0">
              <value>
                <![CDATA["Verify whether user is able to Get existing Fixture by ID"]]>
              </value>
            </param>
            <param index="1">
              <value>
                <![CDATA["Verify Whether User is able to Get all Fixtures"]]>
              </value>
            </param>
          </params>
          <reporter-output>
          </reporter-output>
        </test-method> <!-- runScenario -->
        <test-method signature="runScenario(io.cucumber.testng.PickleWrapper, io.cucumber.testng.FeatureWrapper)[pri:0, instance:TestRunner@55141def]" started-at="2020-03-23T08:40:56 GMT" name="runScenario" description="Runs Cucumber Scenarios" data-provider="scenarios" finished-at="2020-03-23T08:40:56 GMT" duration-ms="18" status="PASS">
          <params>
            <param index="0">
              <value>
                <![CDATA["Verify whether user is getting proper error response for the invalid Fixture ID"]]>
              </value>
            </param>
            <param index="1">
              <value>
                <![CDATA["Verify Whether User is able to Get all Fixtures"]]>
              </value>
            </param>
          </params>
          <reporter-output>
          </reporter-output>
        </test-method> <!-- runScenario -->
        <test-method signature="runScenario(io.cucumber.testng.PickleWrapper, io.cucumber.testng.FeatureWrapper)[pri:0, instance:TestRunner@55141def]" started-at="2020-03-23T08:40:56 GMT" name="runScenario" description="Runs Cucumber Scenarios" data-provider="scenarios" finished-at="2020-03-23T08:40:56 GMT" duration-ms="28" status="PASS">
          <params>
            <param index="0">
              <value>
                <![CDATA["Verify whether user is able to Get list of all existing Fixtures"]]>
              </value>
            </param>
            <param index="1">
              <value>
                <![CDATA["Verify Whether User is able to Get all Fixtures"]]>
              </value>
            </param>
          </params>
          <reporter-output>
          </reporter-output>
        </test-method> <!-- runScenario -->
        <test-method is-config="true" signature="tearDownClass()[pri:0, instance:TestRunner@55141def]" started-at="2020-03-23T08:40:56 GMT" name="tearDownClass" finished-at="2020-03-23T08:40:56 GMT" duration-ms="143" status="PASS">
          <reporter-output>
          </reporter-output>
        </test-method> <!-- tearDownClass -->
      </class> <!-- TestRunner -->
    </test> <!-- Surefire test -->
  </suite> <!-- Surefire suite -->
</testng-results>
